<?xml version="1.0" encoding="UTF-8"?>
<!-- Generated by org.testng.reporters.JUnitReportReporter -->
<testsuite hostname="C02HG5W5Q6L5" failures="0" tests="4" name="com.wipro.Testcase2.AddAddressTestcase2" time="17.615" errors="0" timestamp="2023-05-23T14:39:37 IST" skipped="0">
  <testcase classname="com.wipro.Testcase2.AddAddressTestcase2" name="Login1" time="6.547"/>
  <system-out/>
  <testcase classname="com.wipro.Testcase2.AddAddressTestcase2" name="Myaccfunctionality" time="0.715"/>
  <system-out/>
  <testcase classname="com.wipro.Testcase2.AddAddressTestcase2" name="addressfuctionality" time="8.481"/>
  <system-out/>
  <testcase classname="com.wipro.Testcase2.AddAddressTestcase2" name="LogoutFunction" time="1.872"/>
  <system-out/>
</testsuite> <!-- com.wipro.Testcase2.AddAddressTestcase2 -->
