<?xml version="1.0" encoding="UTF-8"?>
<!-- Generated by org.testng.reporters.JUnitReportReporter -->
<testsuite hostname="C02HG5W5Q6L5" failures="0" tests="3" name="com.wipro.Testcases.Testcase1" time="17.967" errors="0" timestamp="2023-06-06T15:18:56 IST" skipped="0">
  <testcase classname="com.wipro.Testcases.Testcase1" name="Register1" time="10.383"/>
  <system-out/>
  <testcase classname="com.wipro.Testcases.Testcase1" name="Login1" time="6.637"/>
  <system-out/>
  <testcase classname="com.wipro.Testcases.Testcase1" name="logout1" time="0.947"/>
  <system-out/>
</testsuite> <!-- com.wipro.Testcases.Testcase1 -->
