<?xml version="1.0" encoding="UTF-8"?>
<!-- Generated by org.testng.reporters.JUnitReportReporter -->
<testsuite hostname="C02HG5W5Q6L5" failures="0" tests="4" name="com.wipro.Testcases.Testcase2" time="18.533" errors="0" timestamp="2023-06-06T15:18:56 IST" skipped="0">
  <testcase classname="com.wipro.Testcases.Testcase2" name="Login1" time="9.469"/>
  <system-out/>
  <testcase classname="com.wipro.Testcases.Testcase2" name="Myaccfunctionality" time="0.687"/>
  <system-out/>
  <testcase classname="com.wipro.Testcases.Testcase2" name="addressfuctionality" time="6.693"/>
  <system-out/>
  <testcase classname="com.wipro.Testcases.Testcase2" name="LogoutFunction" time="1.684"/>
  <system-out/>
</testsuite> <!-- com.wipro.Testcases.Testcase2 -->
