<?xml version="1.0" encoding="UTF-8"?>
<!-- Generated by org.testng.reporters.JUnitReportReporter -->
<testsuite hostname="C02HG5W5Q6L5" failures="0" tests="4" name="com.wipro.Testcase3.AddtoCartTestcase3" time="22.531" errors="0" timestamp="2023-05-23T14:39:37 IST" skipped="0">
  <testcase classname="com.wipro.Testcase3.AddtoCartTestcase3" name="Login1" time="6.759"/>
  <system-out/>
  <testcase classname="com.wipro.Testcase3.AddtoCartTestcase3" name="mymenu" time="3.586"/>
  <system-out/>
  <testcase classname="com.wipro.Testcase3.AddtoCartTestcase3" name="myselect" time="10.525"/>
  <system-out/>
  <testcase classname="com.wipro.Testcase3.AddtoCartTestcase3" name="logout1" time="1.661"/>
  <system-out/>
</testsuite> <!-- com.wipro.Testcase3.AddtoCartTestcase3 -->
