<?xml version="1.0" encoding="UTF-8"?>
<!-- Generated by org.testng.reporters.JUnitReportReporter -->
<testsuite hostname="C02HG5W5Q6L5" failures="0" tests="4" name="com.wipro.Testcases.Testcase3" time="24.091" errors="0" timestamp="2023-06-06T15:18:56 IST" skipped="0">
  <testcase classname="com.wipro.Testcases.Testcase3" name="Login1" time="9.240"/>
  <system-out/>
  <testcase classname="com.wipro.Testcases.Testcase3" name="mymenu" time="3.656"/>
  <system-out/>
  <testcase classname="com.wipro.Testcases.Testcase3" name="myselect" time="10.178"/>
  <system-out/>
  <testcase classname="com.wipro.Testcases.Testcase3" name="logout1" time="1.017"/>
  <system-out/>
</testsuite> <!-- com.wipro.Testcases.Testcase3 -->
