<?xml version="1.0" encoding="UTF-8"?>
<!-- Generated by org.testng.reporters.JUnitReportReporter -->
<testsuite hostname="C02HG5W5Q6L5" failures="0" tests="3" name="com.wipro.Testcase1.RegistrationTestcase1" time="20.107" errors="0" timestamp="2023-05-23T14:39:37 IST" skipped="0">
  <testcase classname="com.wipro.Testcase1.RegistrationTestcase1" name="Register1" time="11.963"/>
  <system-out/>
  <testcase classname="com.wipro.Testcase1.RegistrationTestcase1" name="Login1" time="6.916"/>
  <system-out/>
  <testcase classname="com.wipro.Testcase1.RegistrationTestcase1" name="logout1" time="1.228"/>
  <system-out/>
</testsuite> <!-- com.wipro.Testcase1.RegistrationTestcase1 -->
