<?xml version="1.0" encoding="UTF-8"?>
<!-- Generated by org.testng.reporters.JUnitReportReporter -->
<testsuite hostname="C02HG5W5Q6L5" failures="0" tests="1" name="com.wipro.cucumberTestcase.TestRunner" time="35.181" errors="0" timestamp="2023-06-01T14:56:25 IST" skipped="0">
  <testcase classname="com.wipro.cucumberTestcase.TestRunner" name="runScenario" time="35.181"/>
  <system-out/>
</testsuite> <!-- com.wipro.cucumberTestcase.TestRunner -->
