<?xml version="1.0" encoding="UTF-8"?>
<!-- Generated by org.testng.reporters.JUnitReportReporter -->
<testsuite hostname="C02HG5W5Q6L5" failures="0" tests="3" name="com.wipro.Testcases.Testcase4" time="20.332" errors="0" timestamp="2023-06-06T15:18:56 IST" skipped="0">
  <testcase classname="com.wipro.Testcases.Testcase4" name="Login1" time="8.052"/>
  <system-out/>
  <testcase classname="com.wipro.Testcases.Testcase4" name="mymenu" time="10.085"/>
  <system-out/>
  <testcase classname="com.wipro.Testcases.Testcase4" name="logout1" time="2.195"/>
  <system-out/>
</testsuite> <!-- com.wipro.Testcases.Testcase4 -->
